<?xml version="1.0" encoding="UTF-8"?>
<!-- Generated by org.testng.reporters.JUnitReportReporter -->
<testsuite hostname="LAPTOP-A9SHFLG8" name="com.testngmavenproj.sample" tests="1" failures="0" timestamp="29 Mar 2017 22:20:34 GMT" time="0.010" errors="0">
  <testcase name="senaMail" time="0.010" classname="com.testngmavenproj.sample"/>
</testsuite> <!-- com.testngmavenproj.sample -->
