<?xml version="1.0" encoding="UTF-8"?>
<!-- Generated by org.testng.reporters.JUnitReportReporter -->
<testsuite hostname="LAPTOP-A9SHFLG8" name="com.testngmavenproj.AppTest" tests="1" failures="0" timestamp="29 Mar 2017 22:12:08 GMT" time="0.012" errors="0">
  <testcase name="senaMail" time="0.012" classname="com.testngmavenproj.AppTest"/>
</testsuite> <!-- com.testngmavenproj.AppTest -->
