<?xml version="1.0" encoding="UTF-8"?>
<!-- Generated by org.testng.reporters.JUnitReportReporter -->
<testsuite hostname="LAPTOP-A9SHFLG8" name="com.testngmavenproj.SampleTest" tests="1" failures="0" timestamp="26 Sep 2017 21:49:49 GMT" time="0.001" errors="0">
  <testcase name="senaMail" time="0.001" classname="com.testngmavenproj.SampleTest"/>
</testsuite> <!-- com.testngmavenproj.SampleTest -->
